# JRE version: OpenJDK Runtime Environment 18.9 (11.0.13+8) (build 11.0.13+8)
# Java VM: OpenJDK 64-Bit Server VM 18.9 (11.0.13+8, mixed mode, sharing, tiered, compressed oops, g1 gc, linux-amd64)
Heap:
 garbage-first heap   total 264192K, used 94665K [0x00000000e0000000, 0x0000000100000000)
  region size 1024K, 6 young (6144K), 2 survivors (2048K)
 Metaspace       used 98482K, capacity 101136K, committed 103028K, reserved 344064K
  class space    used 12125K, capacity 13126K, committed 13688K, reserved 253952K
GC Heap History (20 events):
Event: 33.928 GC heap before
{Heap before GC invocations=44 (full 0):
 garbage-first heap   total 264192K, used 196977K [0x00000000e0000000, 0x0000000100000000)
  region size 1024K, 126 young (129024K), 7 survivors (7168K)
 Metaspace       used 75236K, capacity 77219K, committed 77560K, reserved 321536K
  class space    used 9614K, capacity 10385K, committed 10488K, reserved 253952K
}
Event: 33.930 GC heap after
{Heap after GC invocations=45 (full 0):
 garbage-first heap   total 264192K, used 76824K [0x00000000e0000000, 0x0000000100000000)
  region size 1024K, 9 young (9216K), 9 survivors (9216K)
 Metaspace       used 75236K, capacity 77219K, committed 77560K, reserved 321536K
  class space    used 9614K, capacity 10385K, committed 10488K, reserved 253952K
}
Event: 36.812 GC heap before
{Heap before GC invocations=45 (full 0):
 garbage-first heap   total 264192K, used 201752K [0x00000000e0000000, 0x0000000100000000)
  region size 1024K, 131 young (134144K), 9 survivors (9216K)
 Metaspace       used 78323K, capacity 80700K, committed 81016K, reserved 325632K
  class space    used 10103K, capacity 10983K, committed 11128K, reserved 253952K
}
Event: 36.814 GC heap after
{Heap after GC invocations=46 (full 0):
 garbage-first heap   total 264192K, used 70204K [0x00000000e0000000, 0x0000000100000000)
  region size 1024K, 6 young (6144K), 6 survivors (6144K)
 Metaspace       used 78323K, capacity 80700K, committed 81016K, reserved 325632K
  class space    used 10103K, capacity 10983K, committed 11128K, reserved 253952K
}
Event: 36.944 GC heap before
{Heap before GC invocations=46 (full 0):
 garbage-first heap   total 264192K, used 203324K [0x00000000e0000000, 0x0000000100000000)
  region size 1024K, 135 young (138240K), 6 survivors (6144K)
 Metaspace       used 79057K, capacity 81409K, committed 81528K, reserved 325632K
  class space    used 10172K, capacity 11071K, committed 11128K, reserved 253952K
}
Event: 36.950 GC heap after
{Heap after GC invocations=47 (full 0):
 garbage-first heap   total 264192K, used 72460K [0x00000000e0000000, 0x0000000100000000)
  region size 1024K, 8 young (8192K), 8 survivors (8192K)
 Metaspace       used 79057K, capacity 81409K, committed 81528K, reserved 325632K
  class space    used 10172K, capacity 11071K, committed 11128K, reserved 253952K
}
Event: 37.337 GC heap before
{Heap before GC invocations=47 (full 0):
 garbage-first heap   total 264192K, used 209676K [0x00000000e0000000, 0x0000000100000000)
  region size 1024K, 139 young (142336K), 8 survivors (8192K)
 Metaspace       used 87372K, capacity 89863K, committed 90104K, reserved 333824K
  class space    used 11056K, capacity 12006K, committed 12024K, reserved 253952K
}
Event: 37.340 GC heap after
{Heap after GC invocations=48 (full 0):
 garbage-first heap   total 264192K, used 77646K [0x00000000e0000000, 0x0000000100000000)
  region size 1024K, 10 young (10240K), 10 survivors (10240K)
 Metaspace       used 87372K, capacity 89863K, committed 90104K, reserved 333824K
  class space    used 11056K, capacity 12006K, committed 12024K, reserved 253952K
}
Event: 529.379 GC heap before
{Heap before GC invocations=48 (full 0):
 garbage-first heap   total 264192K, used 208718K [0x00000000e0000000, 0x0000000100000000)
  region size 1024K, 139 young (142336K), 10 survivors (10240K)
 Metaspace       used 91410K, capacity 94393K, committed 94584K, reserved 335872K
  class space    used 11480K, capacity 12586K, committed 12664K, reserved 253952K
}
Event: 529.388 GC heap after
{Heap after GC invocations=49 (full 0):
 garbage-first heap   total 264192K, used 85179K [0x00000000e0000000, 0x0000000100000000)
  region size 1024K, 17 young (17408K), 17 survivors (17408K)
 Metaspace       used 91410K, capacity 94393K, committed 94584K, reserved 335872K
  class space    used 11480K, capacity 12586K, committed 12664K, reserved 253952K
}
Event: 529.687 GC heap before
{Heap before GC invocations=49 (full 0):
 garbage-first heap   total 264192K, used 215227K [0x00000000e0000000, 0x0000000100000000)
  region size 1024K, 141 young (144384K), 17 survivors (17408K)
 Metaspace       used 91930K, capacity 94979K, committed 95096K, reserved 337920K
  class space    used 11517K, capacity 12605K, committed 12664K, reserved 253952K
}
Event: 529.703 GC heap after
{Heap after GC invocations=50 (full 0):
 garbage-first heap   total 264192K, used 90836K [0x00000000e0000000, 0x0000000100000000)
  region size 1024K, 14 young (14336K), 14 survivors (14336K)
 Metaspace       used 91930K, capacity 94979K, committed 95096K, reserved 337920K
  class space    used 11517K, capacity 12605K, committed 12664K, reserved 253952K
}
Event: 4054.450 GC heap before
{Heap before GC invocations=50 (full 0):
 garbage-first heap   total 264192K, used 212692K [0x00000000e0000000, 0x0000000100000000)
  region size 1024K, 134 young (137216K), 14 survivors (14336K)
 Metaspace       used 93183K, capacity 96359K, committed 96504K, reserved 337920K
  class space    used 11615K, capacity 12776K, committed 12792K, reserved 253952K
}
Event: 4054.465 GC heap after
{Heap after GC invocations=51 (full 0):
 garbage-first heap   total 264192K, used 82382K [0x00000000e0000000, 0x0000000100000000)
  region size 1024K, 4 young (4096K), 4 survivors (4096K)
 Metaspace       used 93183K, capacity 96359K, committed 96504K, reserved 337920K
  class space    used 11615K, capacity 12776K, committed 12792K, reserved 253952K
}
Event: 5144.816 GC heap before
{Heap before GC invocations=51 (full 0):
 garbage-first heap   total 264192K, used 181710K [0x00000000e0000000, 0x0000000100000000)
  region size 1024K, 99 young (101376K), 4 survivors (4096K)
 Metaspace       used 96973K, capacity 100257K, committed 100468K, reserved 342016K
  class space    used 12117K, capacity 13342K, committed 13432K, reserved 253952K
}
Event: 5144.853 GC heap after
{Heap after GC invocations=52 (full 0):
 garbage-first heap   total 264192K, used 90517K [0x00000000e0000000, 0x0000000100000000)
  region size 1024K, 9 young (9216K), 9 survivors (9216K)
 Metaspace       used 96973K, capacity 100257K, committed 100468K, reserved 342016K
  class space    used 12117K, capacity 13342K, committed 13432K, reserved 253952K
}
Event: 5145.534 GC heap before
{Heap before GC invocations=53 (full 0):
 garbage-first heap   total 264192K, used 213397K [0x00000000e0000000, 0x0000000100000000)
  region size 1024K, 130 young (133120K), 9 survivors (9216K)
 Metaspace       used 98321K, capacity 100944K, committed 102772K, reserved 344064K
  class space    used 12124K, capacity 13126K, committed 13688K, reserved 253952K
}
Event: 5145.557 GC heap after
{Heap after GC invocations=54 (full 0):
 garbage-first heap   total 264192K, used 96703K [0x00000000e0000000, 0x0000000100000000)
  region size 1024K, 15 young (15360K), 15 survivors (15360K)
 Metaspace       used 98321K, capacity 100944K, committed 102772K, reserved 344064K
  class space    used 12124K, capacity 13126K, committed 13688K, reserved 253952K
}
Event: 5145.566 GC heap before
{Heap before GC invocations=54 (full 0):
 garbage-first heap   total 264192K, used 97727K [0x00000000e0000000, 0x0000000100000000)
  region size 1024K, 16 young (16384K), 15 survivors (15360K)
 Metaspace       used 98349K, capacity 101008K, committed 102772K, reserved 344064K
  class space    used 12125K, capacity 13126K, committed 13688K, reserved 253952K
}
Event: 5145.578 GC heap after
{Heap after GC invocations=55 (full 0):
 garbage-first heap   total 264192K, used 91593K [0x00000000e0000000, 0x0000000100000000)
  region size 1024K, 2 young (2048K), 2 survivors (2048K)
 Metaspace       used 98349K, capacity 101008K, committed 102772K, reserved 344064K
  class space    used 12125K, capacity 13126K, committed 13688K, reserved 253952K
}

